<?xml version="1.0" encoding="UTF-8"?><testsuite name="example.second-test" tests="1" errors="0" failures="0" time="0.000673"><testcase classname="example.second-test" name="passing" time="0.000306"></testcase></testsuite>